---------------  T H R E A D  ---------------

Current thread (0x00007f701002e800):  JavaThread "XNIO-1 task-21" [_thread_in_Java, id=2120, stack(0x00007f6fbdbaa000,0x00007f6fbdcab000)]

siginfo: si_signo: 11 (SIGSEGV), si_code: 1 (SEGV_MAPERR), si_addr: 0x0000000020234722

Registers:
RAX=0x0000000000000000, RBX=0x0000000087f1e330, RCX=0x0000000000000216, RDX=0x0000000000000002
RSP=0x00007f6fbdca61b0, RBP=0x0000000087dc4408, RSI=0x00007f6fbdca60d0, RDI=0x00007f706801bd50
R8 =0x00000000df65cdc0, R9 =0x0000000020234716, R10=0x00000000dc5028c8, R11=0x0000000087f1dea0
R12=0x0000000000000000, R13=0x0000000087f1de60, R14=0x0000000087d54278, R15=0x00007f701002e800
RIP=0x00007f70592c3355, EFLAGS=0x0000000000010246, CSGSFS=0x002b000000000033, ERR=0x0000000000000004
  TRAPNO=0x000000000000000e

Top of Stack: (sp=0x00007f6fbdca61b0)
0x00007f6fbdca61b0:   0000000000000001 00007f70599422dc
0x00007f6fbdca61c0:   00000000df65cdc0 00000000df658458
0x00007f6fbdca61d0:   00000000df656f90 0000000080a06e28
0x00007f6fbdca61e0:   0000000080a06e28 00000000df65c610
0x00007f6fbdca61f0:   0000000087f1dea0 0000000087f1e330
0x00007f6fbdca6200:   0000000087d28150 00007f705d07aeb0
0x00007f6fbdca6210:   885d67c000000000 00000001840806d0
0x00007f6fbdca6220:   87d5427887f1de60 0000000087f1de60
0x00007f6fbdca6230:   0000000100045390 00000000df65cde8
0x00007f6fbdca6240:   00000001011a2680 0000000087d54278
0x00007f6fbdca6250:   0000000087f1de60 00000000df65cdc0
0x00007f6fbdca6260:   0000000084080228 0000000084080650
0x00007f6fbdca6270:   00000000801d1770 0000000084080610
0x00007f6fbdca6280:   0000000100000f28 000000010003dd80
0x00007f6fbdca6290:   0000000100045170 00000000df65a7b0
0x00007f6fbdca62a0:   0000000083f9deb8 000000000000000a
0x00007f6fbdca62b0:   0000000000000000 0000000087f1de60
0x00007f6fbdca62c0:   00000000df65cd70 00000000df65cdc0
0x00007f6fbdca62d0:   0000000000000009 0000000087f1e330
0x00007f6fbdca62e0:   00000000df65cdc0 00007f705bf0dd6c
0x00007f6fbdca62f0:   0000000087f1de60 0000000084080228
0x00007f6fbdca6300:   0000000084080790 0000000087f1e330
0x00007f6fbdca6310:   00000000df65cc30 00007f701002e800
0x00007f6fbdca6320:   0000000087f1de60 00007f705c1ef6e4
0x00007f6fbdca6330:   87d5427887f1dea0 0000000087d53d58
0x00007f6fbdca6340:   0000000020028fe4 0000000087d53ca8
0x00007f6fbdca6350:   0000000087d53d00 00000000df65cc60
0x00007f6fbdca6360:   0000020b00000010 0000000087f1de60
0x00007f6fbdca6370:   0000000087d54278 00000000df65cdc0
0x00007f6fbdca6380:   00000000df65cdc0 00000000801db5f0
0x00007f6fbdca6390:   0000000087d340c0 0000000183338510
0x00007f6fbdca63a0:   0000000100864d20 00007f701002e800 

Instructions: (pc=0x00007f70592c3355)
0x00007f70592c3335:   49 8b cd 33 ff 45 33 d2 44 89 14 24 66 90 e8 98
0x00007f70592c3345:   ba f2 02 4c 8b 44 24 10 45 8b 50 1c 45 8b 4a 20
0x00007f70592c3355:   41 8b 59 0c 85 db 75 05 45 33 c9 eb 31 85 db 0f
0x00007f70592c3365:   86 af 02 00 00 41 8b 69 10 83 fb 02 0f 8f 3e 03 

Memory: 4k page, physical 7879096k(240916k free), swap 0k(0k free)

vm_info: Java HotSpot(TM) 64-Bit Server VM (25.221-b11) for linux-amd64 JRE (1.8.0_221-b11), built on Jul  4 2019 04:27:00 by "java_re" with gcc 7.3.0

time: Tue Jan 19 16:12:57 2021
timezone: UTC
elapsed time: 45021 seconds (0d 12h 30m 21s)

